{
  "stats": {
    "suites": 1,
    "tests": 8,
    "passes": 8,
    "pending": 0,
    "failures": 0,
    "start": "2021-04-28T13:40:06.687Z",
    "end": "2021-04-28T13:40:15.773Z",
    "duration": 9086,
    "testsRegistered": 8,
    "passPercent": 100,
    "pendingPercent": 0,
    "other": 0,
    "hasOther": false,
    "skipped": 0,
    "hasSkipped": false
  },
  "results": [
    {
      "uuid": "8bfdc666-4aab-4122-b740-bf36189b1ef4",
      "title": "",
      "fullFile": "cypress/integration/productNames.spec.js",
      "file": "cypress/integration/productNames.spec.js",
      "beforeHooks": [],
      "afterHooks": [],
      "tests": [],
      "suites": [
        {
          "uuid": "f789210b-dfab-4de5-8673-f814434886b1",
          "title": "Check Product Names Visible and Print it to Test Report",
          "fullFile": "",
          "file": "",
          "beforeHooks": [],
          "afterHooks": [],
          "tests": [
            {
              "title": "Check the title, url and links on the Landing Page",
              "fullTitle": "Check Product Names Visible and Print it to Test Report Check the title, url and links on the Landing Page",
              "timedOut": null,
              "duration": 7878,
              "state": "passed",
              "speed": "slow",
              "pass": true,
              "fail": false,
              "pending": false,
              "context": null,
              "code": "_LandingPage.default.verifyTitle();\n_LandingPage.default.verifyUrl();\n_LandingPage.default.verifyForPageToLoad();\n_LandingPage.default.contactLink();\n_LandingPage.default.loginLink();",
              "err": {},
              "uuid": "139ca9a1-5254-41b5-b3cf-ea00e6598373",
              "parentUUID": "f789210b-dfab-4de5-8673-f814434886b1",
              "isHook": false,
              "skipped": false
            },
            {
              "title": "Check the product name: Faded Short Sleeve T-shirts is visible",
              "fullTitle": "Check Product Names Visible and Print it to Test Report Check the product name: Faded Short Sleeve T-shirts is visible",
              "timedOut": null,
              "duration": 278,
              "state": "passed",
              "speed": "slow",
              "pass": true,
              "fail": false,
              "pending": false,
              "context": null,
              "code": "_LandingPage.default.fadedShortSleeveTshirts();",
              "err": {},
              "uuid": "82d0ad60-39c9-4501-b356-2e3bb0d55252",
              "parentUUID": "f789210b-dfab-4de5-8673-f814434886b1",
              "isHook": false,
              "skipped": false
            },
            {
              "title": "Check the product name: Blouse is visible",
              "fullTitle": "Check Product Names Visible and Print it to Test Report Check the product name: Blouse is visible",
              "timedOut": null,
              "duration": 45,
              "state": "passed",
              "speed": "medium",
              "pass": true,
              "fail": false,
              "pending": false,
              "context": null,
              "code": "_LandingPage.default.blouse();",
              "err": {},
              "uuid": "c3b671fa-08ba-4e83-a085-cc9074019c1d",
              "parentUUID": "f789210b-dfab-4de5-8673-f814434886b1",
              "isHook": false,
              "skipped": false
            },
            {
              "title": "Check the product name: Printed Dress is visible",
              "fullTitle": "Check Product Names Visible and Print it to Test Report Check the product name: Printed Dress is visible",
              "timedOut": null,
              "duration": 238,
              "state": "passed",
              "speed": "slow",
              "pass": true,
              "fail": false,
              "pending": false,
              "context": null,
              "code": "_LandingPage.default.printedDress();",
              "err": {},
              "uuid": "e6b4dd56-cfa4-433b-aefd-e6eaf40f2080",
              "parentUUID": "f789210b-dfab-4de5-8673-f814434886b1",
              "isHook": false,
              "skipped": false
            },
            {
              "title": "Check the product name: Printed Dress Two is visible",
              "fullTitle": "Check Product Names Visible and Print it to Test Report Check the product name: Printed Dress Two is visible",
              "timedOut": null,
              "duration": 50,
              "state": "passed",
              "speed": "medium",
              "pass": true,
              "fail": false,
              "pending": false,
              "context": null,
              "code": "_LandingPage.default.printedDressTwo();",
              "err": {},
              "uuid": "3be282a8-d8a0-4f10-af85-1cea01669cc1",
              "parentUUID": "f789210b-dfab-4de5-8673-f814434886b1",
              "isHook": false,
              "skipped": false
            },
            {
              "title": "Check the product name: Printed Summer Dress is visible",
              "fullTitle": "Check Product Names Visible and Print it to Test Report Check the product name: Printed Summer Dress is visible",
              "timedOut": null,
              "duration": 240,
              "state": "passed",
              "speed": "slow",
              "pass": true,
              "fail": false,
              "pending": false,
              "context": null,
              "code": "_LandingPage.default.printedSummerDress();",
              "err": {},
              "uuid": "7f63bd28-2cfa-4f9e-a823-a4880a8151e5",
              "parentUUID": "f789210b-dfab-4de5-8673-f814434886b1",
              "isHook": false,
              "skipped": false
            },
            {
              "title": "Check the product name: Printed Summer Dress Two is visible",
              "fullTitle": "Check Product Names Visible and Print it to Test Report Check the product name: Printed Summer Dress Two is visible",
              "timedOut": null,
              "duration": 33,
              "state": "passed",
              "speed": "fast",
              "pass": true,
              "fail": false,
              "pending": false,
              "context": null,
              "code": "_LandingPage.default.printedSummerDressTwo();",
              "err": {},
              "uuid": "67390b92-d752-44af-b5dc-b105230d9bbf",
              "parentUUID": "f789210b-dfab-4de5-8673-f814434886b1",
              "isHook": false,
              "skipped": false
            },
            {
              "title": "Check the product name: Printed Chiffon Dress is visible",
              "fullTitle": "Check Product Names Visible and Print it to Test Report Check the product name: Printed Chiffon Dress is visible",
              "timedOut": null,
              "duration": 231,
              "state": "passed",
              "speed": "slow",
              "pass": true,
              "fail": false,
              "pending": false,
              "context": null,
              "code": "_LandingPage.default.printedChiffonDress();",
              "err": {},
              "uuid": "7c6f96eb-2ec8-4b4b-b2ff-54505f588617",
              "parentUUID": "f789210b-dfab-4de5-8673-f814434886b1",
              "isHook": false,
              "skipped": false
            }
          ],
          "suites": [],
          "passes": [
            "139ca9a1-5254-41b5-b3cf-ea00e6598373",
            "82d0ad60-39c9-4501-b356-2e3bb0d55252",
            "c3b671fa-08ba-4e83-a085-cc9074019c1d",
            "e6b4dd56-cfa4-433b-aefd-e6eaf40f2080",
            "3be282a8-d8a0-4f10-af85-1cea01669cc1",
            "7f63bd28-2cfa-4f9e-a823-a4880a8151e5",
            "67390b92-d752-44af-b5dc-b105230d9bbf",
            "7c6f96eb-2ec8-4b4b-b2ff-54505f588617"
          ],
          "failures": [],
          "pending": [],
          "skipped": [],
          "duration": 8993,
          "root": false,
          "rootEmpty": false,
          "_timeout": 2000
        }
      ],
      "passes": [],
      "failures": [],
      "pending": [],
      "skipped": [],
      "duration": 0,
      "root": true,
      "rootEmpty": true,
      "_timeout": 2000
    }
  ],
  "meta": {
    "mocha": {
      "version": "7.0.1"
    },
    "mochawesome": {
      "options": {
        "quiet": false,
        "reportFilename": "mochawesome",
        "saveHtml": false,
        "saveJson": true,
        "consoleReporter": "spec",
        "useInlineDiffs": false,
        "code": true
      },
      "version": "6.1.1"
    },
    "marge": {
      "options": {
        "id": "default",
        "reportDir": "cypress/reports/mocha",
        "quite": true,
        "overwrite": false,
        "html": false,
        "json": true
      },
      "version": "5.1.0"
    }
  }
}