{
  "stats": {
    "suites": 4,
    "tests": 24,
    "passes": 24,
    "pending": 0,
    "failures": 0,
    "start": "2021-04-24T09:49:08.935Z",
    "end": "2021-04-24T09:50:01.577Z",
    "duration": 40409,
    "testsRegistered": 24,
    "passPercent": 100,
    "pendingPercent": 0,
    "other": 0,
    "hasOther": false,
    "skipped": 0,
    "hasSkipped": false
  },
  "results": [
    {
      "uuid": "e54d6473-2112-4f57-8fc7-8848181f0d85",
      "title": "",
      "fullFile": "cypress/integration/checkTotalPrice.spec.js",
      "file": "cypress/integration/checkTotalPrice.spec.js",
      "beforeHooks": [],
      "afterHooks": [],
      "tests": [],
      "suites": [
        {
          "uuid": "20b8e931-760e-4850-baf1-43876195da70",
          "title": "Add the product quantity as five to the cart and check the total price",
          "fullFile": "",
          "file": "",
          "beforeHooks": [],
          "afterHooks": [],
          "tests": [
            {
              "title": "Check the title, url and links on the Landing Page",
              "fullTitle": "Add the product quantity as five to the cart and check the total price Check the title, url and links on the Landing Page",
              "timedOut": null,
              "duration": 6002,
              "state": "passed",
              "speed": "slow",
              "pass": true,
              "fail": false,
              "pending": false,
              "context": null,
              "code": "_LandingPage.default.verifyTitle();\n_LandingPage.default.verifyUrl();\n_LandingPage.default.verifyForPageToLoad();\n_LandingPage.default.contactLink();\n_LandingPage.default.loginLink();",
              "err": {},
              "uuid": "ea261ca2-22fa-467d-82bd-d153afa489e6",
              "parentUUID": "20b8e931-760e-4850-baf1-43876195da70",
              "isHook": false,
              "skipped": false
            },
            {
              "title": "Click on the 5th Product with 5% discount on the Landing Page",
              "fullTitle": "Add the product quantity as five to the cart and check the total price Click on the 5th Product with 5% discount on the Landing Page",
              "timedOut": null,
              "duration": 2828,
              "state": "passed",
              "speed": "slow",
              "pass": true,
              "fail": false,
              "pending": false,
              "context": null,
              "code": "_ProductPage.default.printedSummerDress();\n_ProductPage.default.verifyTitle();",
              "err": {},
              "uuid": "18cbd951-5614-4de6-8c31-ded4ee675c4e",
              "parentUUID": "20b8e931-760e-4850-baf1-43876195da70",
              "isHook": false,
              "skipped": false
            },
            {
              "title": "Add quantity as 5 for the product",
              "fullTitle": "Add the product quantity as five to the cart and check the total price Add quantity as 5 for the product",
              "timedOut": null,
              "duration": 4142,
              "state": "passed",
              "speed": "slow",
              "pass": true,
              "fail": false,
              "pending": false,
              "context": null,
              "code": "_ProductPage.default.addQuantity();",
              "err": {},
              "uuid": "678da309-7204-47ae-8ee3-10960384437e",
              "parentUUID": "20b8e931-760e-4850-baf1-43876195da70",
              "isHook": false,
              "skipped": false
            },
            {
              "title": "Check whether the Total price is accurate from the Cart",
              "fullTitle": "Add the product quantity as five to the cart and check the total price Check whether the Total price is accurate from the Cart",
              "timedOut": null,
              "duration": 28,
              "state": "passed",
              "speed": "fast",
              "pass": true,
              "fail": false,
              "pending": false,
              "context": null,
              "code": "_ProductPage.default.verifyTotalPrice();",
              "err": {},
              "uuid": "375ed708-ec57-407a-b0b9-6e1121abc7b3",
              "parentUUID": "20b8e931-760e-4850-baf1-43876195da70",
              "isHook": false,
              "skipped": false
            }
          ],
          "suites": [],
          "passes": [
            "ea261ca2-22fa-467d-82bd-d153afa489e6",
            "18cbd951-5614-4de6-8c31-ded4ee675c4e",
            "678da309-7204-47ae-8ee3-10960384437e",
            "375ed708-ec57-407a-b0b9-6e1121abc7b3"
          ],
          "failures": [],
          "pending": [],
          "skipped": [],
          "duration": 13000,
          "root": false,
          "rootEmpty": false,
          "_timeout": 2000
        }
      ],
      "passes": [],
      "failures": [],
      "pending": [],
      "skipped": [],
      "duration": 0,
      "root": true,
      "rootEmpty": true,
      "_timeout": 2000
    },
    {
      "uuid": "de8e6012-0861-46de-849d-57fe22ab8393",
      "title": "",
      "fullFile": "cypress/integration/productNames.spec.js",
      "file": "cypress/integration/productNames.spec.js",
      "beforeHooks": [],
      "afterHooks": [],
      "tests": [],
      "suites": [
        {
          "uuid": "9c1e34c0-40ab-4fa5-9bfb-74f7f2ca0c65",
          "title": "Check Product Names Visible and Print it to Test Report",
          "fullFile": "",
          "file": "",
          "beforeHooks": [],
          "afterHooks": [],
          "tests": [
            {
              "title": "Check the title, url and links on the Landing Page",
              "fullTitle": "Check Product Names Visible and Print it to Test Report Check the title, url and links on the Landing Page",
              "timedOut": null,
              "duration": 7822,
              "state": "passed",
              "speed": "slow",
              "pass": true,
              "fail": false,
              "pending": false,
              "context": null,
              "code": "_LandingPage.default.verifyTitle();\n_LandingPage.default.verifyUrl();\n_LandingPage.default.verifyForPageToLoad();\n_LandingPage.default.contactLink();\n_LandingPage.default.loginLink();",
              "err": {},
              "uuid": "55ad7254-9cd5-4844-a1d5-0c6fdad75612",
              "parentUUID": "9c1e34c0-40ab-4fa5-9bfb-74f7f2ca0c65",
              "isHook": false,
              "skipped": false
            },
            {
              "title": "Check the product name: Faded Short Sleeve T-shirts is visible",
              "fullTitle": "Check Product Names Visible and Print it to Test Report Check the product name: Faded Short Sleeve T-shirts is visible",
              "timedOut": null,
              "duration": 259,
              "state": "passed",
              "speed": "slow",
              "pass": true,
              "fail": false,
              "pending": false,
              "context": null,
              "code": "_LandingPage.default.fadedShortSleeveTshirts();",
              "err": {},
              "uuid": "e875b7e8-9ccf-4d75-b5a6-a1ec3923ed60",
              "parentUUID": "9c1e34c0-40ab-4fa5-9bfb-74f7f2ca0c65",
              "isHook": false,
              "skipped": false
            },
            {
              "title": "Check the product name: Blouse is visible",
              "fullTitle": "Check Product Names Visible and Print it to Test Report Check the product name: Blouse is visible",
              "timedOut": null,
              "duration": 45,
              "state": "passed",
              "speed": "medium",
              "pass": true,
              "fail": false,
              "pending": false,
              "context": null,
              "code": "_LandingPage.default.blouse();",
              "err": {},
              "uuid": "674e085a-627d-4f4d-a51b-9ea76d7fac9b",
              "parentUUID": "9c1e34c0-40ab-4fa5-9bfb-74f7f2ca0c65",
              "isHook": false,
              "skipped": false
            },
            {
              "title": "Check the product name: Printed Dress is visible",
              "fullTitle": "Check Product Names Visible and Print it to Test Report Check the product name: Printed Dress is visible",
              "timedOut": null,
              "duration": 231,
              "state": "passed",
              "speed": "slow",
              "pass": true,
              "fail": false,
              "pending": false,
              "context": null,
              "code": "_LandingPage.default.printedDress();",
              "err": {},
              "uuid": "746d78fc-c4b7-4625-82bb-148e7eeb1ef1",
              "parentUUID": "9c1e34c0-40ab-4fa5-9bfb-74f7f2ca0c65",
              "isHook": false,
              "skipped": false
            },
            {
              "title": "Check the product name: Printed Dress Two is visible",
              "fullTitle": "Check Product Names Visible and Print it to Test Report Check the product name: Printed Dress Two is visible",
              "timedOut": null,
              "duration": 37,
              "state": "passed",
              "speed": "fast",
              "pass": true,
              "fail": false,
              "pending": false,
              "context": null,
              "code": "_LandingPage.default.printedDressTwo();",
              "err": {},
              "uuid": "eb0e6f42-5c34-4b69-b69a-a654361c697e",
              "parentUUID": "9c1e34c0-40ab-4fa5-9bfb-74f7f2ca0c65",
              "isHook": false,
              "skipped": false
            },
            {
              "title": "Check the product name: Printed Summer Dress is visible",
              "fullTitle": "Check Product Names Visible and Print it to Test Report Check the product name: Printed Summer Dress is visible",
              "timedOut": null,
              "duration": 242,
              "state": "passed",
              "speed": "slow",
              "pass": true,
              "fail": false,
              "pending": false,
              "context": null,
              "code": "_LandingPage.default.printedSummerDress();",
              "err": {},
              "uuid": "bd450c62-6a56-4f2e-997e-4d1893d3176e",
              "parentUUID": "9c1e34c0-40ab-4fa5-9bfb-74f7f2ca0c65",
              "isHook": false,
              "skipped": false
            },
            {
              "title": "Check the product name: Printed Summer Dress Two is visible",
              "fullTitle": "Check Product Names Visible and Print it to Test Report Check the product name: Printed Summer Dress Two is visible",
              "timedOut": null,
              "duration": 27,
              "state": "passed",
              "speed": "fast",
              "pass": true,
              "fail": false,
              "pending": false,
              "context": null,
              "code": "_LandingPage.default.printedSummerDressTwo();",
              "err": {},
              "uuid": "a1e041b6-4803-410e-90f4-0dddaa648c3c",
              "parentUUID": "9c1e34c0-40ab-4fa5-9bfb-74f7f2ca0c65",
              "isHook": false,
              "skipped": false
            },
            {
              "title": "Check the product name: Printed Chiffon Dress is visible",
              "fullTitle": "Check Product Names Visible and Print it to Test Report Check the product name: Printed Chiffon Dress is visible",
              "timedOut": null,
              "duration": 218,
              "state": "passed",
              "speed": "slow",
              "pass": true,
              "fail": false,
              "pending": false,
              "context": null,
              "code": "_LandingPage.default.printedChiffonDress();",
              "err": {},
              "uuid": "0c079993-caac-4290-9076-cc5af910340f",
              "parentUUID": "9c1e34c0-40ab-4fa5-9bfb-74f7f2ca0c65",
              "isHook": false,
              "skipped": false
            }
          ],
          "suites": [],
          "passes": [
            "55ad7254-9cd5-4844-a1d5-0c6fdad75612",
            "e875b7e8-9ccf-4d75-b5a6-a1ec3923ed60",
            "674e085a-627d-4f4d-a51b-9ea76d7fac9b",
            "746d78fc-c4b7-4625-82bb-148e7eeb1ef1",
            "eb0e6f42-5c34-4b69-b69a-a654361c697e",
            "bd450c62-6a56-4f2e-997e-4d1893d3176e",
            "a1e041b6-4803-410e-90f4-0dddaa648c3c",
            "0c079993-caac-4290-9076-cc5af910340f"
          ],
          "failures": [],
          "pending": [],
          "skipped": [],
          "duration": 8881,
          "root": false,
          "rootEmpty": false,
          "_timeout": 2000
        }
      ],
      "passes": [],
      "failures": [],
      "pending": [],
      "skipped": [],
      "duration": 0,
      "root": true,
      "rootEmpty": true,
      "_timeout": 2000
    },
    {
      "uuid": "a3dfed25-ead6-4350-9cc1-ba0f3a17707f",
      "title": "",
      "fullFile": "cypress/integration/toggleProductColour.spec.js",
      "file": "cypress/integration/toggleProductColour.spec.js",
      "beforeHooks": [],
      "afterHooks": [],
      "tests": [],
      "suites": [
        {
          "uuid": "5f6778f3-fc2a-46df-b04b-572f9ebb9600",
          "title": "Toggle between the colours of the Product",
          "fullFile": "",
          "file": "",
          "beforeHooks": [],
          "afterHooks": [],
          "tests": [
            {
              "title": "Check the title, url and links on the Landing Page",
              "fullTitle": "Toggle between the colours of the Product Check the title, url and links on the Landing Page",
              "timedOut": null,
              "duration": 4598,
              "state": "passed",
              "speed": "slow",
              "pass": true,
              "fail": false,
              "pending": false,
              "context": null,
              "code": "_LandingPage.default.verifyTitle();\n_LandingPage.default.verifyUrl();\n_LandingPage.default.verifyForPageToLoad();\n_LandingPage.default.contactLink();\n_LandingPage.default.loginLink();",
              "err": {},
              "uuid": "a77943a2-6e1c-4999-bae6-25f69448f966",
              "parentUUID": "5f6778f3-fc2a-46df-b04b-572f9ebb9600",
              "isHook": false,
              "skipped": false
            },
            {
              "title": "Click on the 5th Product with 5% discount on the Landing Page",
              "fullTitle": "Toggle between the colours of the Product Click on the 5th Product with 5% discount on the Landing Page",
              "timedOut": null,
              "duration": 2125,
              "state": "passed",
              "speed": "slow",
              "pass": true,
              "fail": false,
              "pending": false,
              "context": null,
              "code": "_ProductPage.default.printedSummerDress();\n_ProductPage.default.verifyTitle();",
              "err": {},
              "uuid": "b0ddedc1-ce5c-4576-821a-a82c36128b31",
              "parentUUID": "5f6778f3-fc2a-46df-b04b-572f9ebb9600",
              "isHook": false,
              "skipped": false
            },
            {
              "title": "Check when selecting black colour the image is updated",
              "fullTitle": "Toggle between the colours of the Product Check when selecting black colour the image is updated",
              "timedOut": null,
              "duration": 302,
              "state": "passed",
              "speed": "slow",
              "pass": true,
              "fail": false,
              "pending": false,
              "context": null,
              "code": "_ProductPage.default.blackColour();\n_ProductPage.default.colourSelected();\n_ProductPage.default.blackColourImageUpdated();",
              "err": {},
              "uuid": "c4348aac-d963-4149-92fc-f73cb201970b",
              "parentUUID": "5f6778f3-fc2a-46df-b04b-572f9ebb9600",
              "isHook": false,
              "skipped": false
            },
            {
              "title": "Check when selecting orange colour the image is updated",
              "fullTitle": "Toggle between the colours of the Product Check when selecting orange colour the image is updated",
              "timedOut": null,
              "duration": 505,
              "state": "passed",
              "speed": "slow",
              "pass": true,
              "fail": false,
              "pending": false,
              "context": null,
              "code": "_ProductPage.default.orangeColour();\n_ProductPage.default.colourSelected();\n_ProductPage.default.orangeColourImageUpdated();",
              "err": {},
              "uuid": "6f038fa7-f076-4ed0-a311-66266349026b",
              "parentUUID": "5f6778f3-fc2a-46df-b04b-572f9ebb9600",
              "isHook": false,
              "skipped": false
            },
            {
              "title": "Check when selecting blue colour the image is updated",
              "fullTitle": "Toggle between the colours of the Product Check when selecting blue colour the image is updated",
              "timedOut": null,
              "duration": 480,
              "state": "passed",
              "speed": "slow",
              "pass": true,
              "fail": false,
              "pending": false,
              "context": null,
              "code": "_ProductPage.default.blueColour();\n_ProductPage.default.colourSelected();\n_ProductPage.default.blueColourImageUpdated();",
              "err": {},
              "uuid": "4b97c2ce-d950-483d-8028-0293b5565812",
              "parentUUID": "5f6778f3-fc2a-46df-b04b-572f9ebb9600",
              "isHook": false,
              "skipped": false
            },
            {
              "title": "Check when selecting yellow colour the image is updated",
              "fullTitle": "Toggle between the colours of the Product Check when selecting yellow colour the image is updated",
              "timedOut": null,
              "duration": 503,
              "state": "passed",
              "speed": "slow",
              "pass": true,
              "fail": false,
              "pending": false,
              "context": null,
              "code": "_ProductPage.default.yellowColour();\n_ProductPage.default.colourSelected();\n_ProductPage.default.yellowColourImageUpdated();",
              "err": {},
              "uuid": "af6e1017-4845-4d25-bb49-850ae97d546c",
              "parentUUID": "5f6778f3-fc2a-46df-b04b-572f9ebb9600",
              "isHook": false,
              "skipped": false
            },
            {
              "title": "Navigate to Landing Page",
              "fullTitle": "Toggle between the colours of the Product Navigate to Landing Page",
              "timedOut": null,
              "duration": 1543,
              "state": "passed",
              "speed": "slow",
              "pass": true,
              "fail": false,
              "pending": false,
              "context": null,
              "code": "_ProductPage.default.navigateToHomePage();",
              "err": {},
              "uuid": "aacb85c4-70f2-48f3-a277-a1a06b03bb64",
              "parentUUID": "5f6778f3-fc2a-46df-b04b-572f9ebb9600",
              "isHook": false,
              "skipped": false
            }
          ],
          "suites": [],
          "passes": [
            "a77943a2-6e1c-4999-bae6-25f69448f966",
            "b0ddedc1-ce5c-4576-821a-a82c36128b31",
            "c4348aac-d963-4149-92fc-f73cb201970b",
            "6f038fa7-f076-4ed0-a311-66266349026b",
            "4b97c2ce-d950-483d-8028-0293b5565812",
            "af6e1017-4845-4d25-bb49-850ae97d546c",
            "aacb85c4-70f2-48f3-a277-a1a06b03bb64"
          ],
          "failures": [],
          "pending": [],
          "skipped": [],
          "duration": 10056,
          "root": false,
          "rootEmpty": false,
          "_timeout": 2000
        }
      ],
      "passes": [],
      "failures": [],
      "pending": [],
      "skipped": [],
      "duration": 0,
      "root": true,
      "rootEmpty": true,
      "_timeout": 2000
    },
    {
      "uuid": "2e873bac-4d9e-4567-93f7-030cbefe43dc",
      "title": "",
      "fullFile": "cypress/integration/addToCart.spec.js",
      "file": "cypress/integration/addToCart.spec.js",
      "beforeHooks": [],
      "afterHooks": [],
      "tests": [],
      "suites": [
        {
          "uuid": "a75562e4-c93b-4402-aefe-8a217eb66d74",
          "title": "Add to Cart",
          "fullFile": "",
          "file": "",
          "beforeHooks": [],
          "afterHooks": [],
          "tests": [
            {
              "title": "Check the title, url and links on the Landing Page",
              "fullTitle": "Add to Cart Check the title, url and links on the Landing Page",
              "timedOut": null,
              "duration": 4701,
              "state": "passed",
              "speed": "slow",
              "pass": true,
              "fail": false,
              "pending": false,
              "context": null,
              "code": "_LandingPage.default.verifyTitle();\n_LandingPage.default.verifyUrl();\n_LandingPage.default.verifyForPageToLoad();\n_LandingPage.default.contactLink();\n_LandingPage.default.loginLink();",
              "err": {},
              "uuid": "f75eade3-d7d0-4cd1-927e-97bdf69fd9ed",
              "parentUUID": "a75562e4-c93b-4402-aefe-8a217eb66d74",
              "isHook": false,
              "skipped": false
            },
            {
              "title": "click on 20% discount listed Item",
              "fullTitle": "Add to Cart click on 20% discount listed Item",
              "timedOut": null,
              "duration": 2191,
              "state": "passed",
              "speed": "slow",
              "pass": true,
              "fail": false,
              "pending": false,
              "context": null,
              "code": "_LandingPage.default.printedChiffonDress();\n_AddToCartPage.default.clickChiffonDress();",
              "err": {},
              "uuid": "cf830b6a-0b16-43d8-b90f-256f94552bc3",
              "parentUUID": "a75562e4-c93b-4402-aefe-8a217eb66d74",
              "isHook": false,
              "skipped": false
            },
            {
              "title": "Check whether the Add to Cart Button is enabled and click product to add to Cart",
              "fullTitle": "Add to Cart Check whether the Add to Cart Button is enabled and click product to add to Cart",
              "timedOut": null,
              "duration": 648,
              "state": "passed",
              "speed": "slow",
              "pass": true,
              "fail": false,
              "pending": false,
              "context": null,
              "code": "_AddToCartPage.default.clickAddToCart();",
              "err": {},
              "uuid": "f49c5ca3-1af0-46da-9341-a4051a1a6109",
              "parentUUID": "a75562e4-c93b-4402-aefe-8a217eb66d74",
              "isHook": false,
              "skipped": false
            },
            {
              "title": "Verify whether the product added to Cart message is displayed",
              "fullTitle": "Add to Cart Verify whether the product added to Cart message is displayed",
              "timedOut": null,
              "duration": 776,
              "state": "passed",
              "speed": "slow",
              "pass": true,
              "fail": false,
              "pending": false,
              "context": null,
              "code": "_AddToCartPage.default.cartSuccessMessage();\n_AddToCartPage.default.cartAddedMessage();",
              "err": {},
              "uuid": "76f91069-f599-4280-b8f4-d5dbf7e23000",
              "parentUUID": "a75562e4-c93b-4402-aefe-8a217eb66d74",
              "isHook": false,
              "skipped": false
            },
            {
              "title": "Verify the product count from the Cart",
              "fullTitle": "Add to Cart Verify the product count from the Cart",
              "timedOut": null,
              "duration": 156,
              "state": "passed",
              "speed": "slow",
              "pass": true,
              "fail": false,
              "pending": false,
              "context": null,
              "code": "_AddToCartPage.default.cartCount();",
              "err": {},
              "uuid": "b10a87b5-b520-4a9d-8c19-7cf9b69340af",
              "parentUUID": "a75562e4-c93b-4402-aefe-8a217eb66d74",
              "isHook": false,
              "skipped": false
            }
          ],
          "suites": [],
          "passes": [
            "f75eade3-d7d0-4cd1-927e-97bdf69fd9ed",
            "cf830b6a-0b16-43d8-b90f-256f94552bc3",
            "f49c5ca3-1af0-46da-9341-a4051a1a6109",
            "76f91069-f599-4280-b8f4-d5dbf7e23000",
            "b10a87b5-b520-4a9d-8c19-7cf9b69340af"
          ],
          "failures": [],
          "pending": [],
          "skipped": [],
          "duration": 8472,
          "root": false,
          "rootEmpty": false,
          "_timeout": 2000
        }
      ],
      "passes": [],
      "failures": [],
      "pending": [],
      "skipped": [],
      "duration": 0,
      "root": true,
      "rootEmpty": true,
      "_timeout": 2000
    }
  ],
  "meta": {
    "mocha": {
      "version": "7.0.1"
    },
    "mochawesome": {
      "options": {
        "quiet": false,
        "reportFilename": "mochawesome",
        "saveHtml": false,
        "saveJson": true,
        "consoleReporter": "spec",
        "useInlineDiffs": false,
        "code": true
      },
      "version": "6.1.1"
    },
    "marge": {
      "options": {
        "id": "default",
        "reportDir": "cypress/reports/mocha",
        "quite": true,
        "overwrite": false,
        "html": false,
        "json": true
      },
      "version": "5.1.0"
    }
  }
}